<?xml version="1.0" encoding="UTF-8"?>
<!-- Generated by org.testng.reporters.JUnitReportReporter -->
<testsuite skipped="0" hostname="Mahi" name="testcases.LoginTest" tests="2" failures="0" timestamp="30 Oct 2017 01:49:47 GMT" time="0.020" errors="0">
  <testcase name="doLoginTest" time="0.018" classname="testcases.LoginTest"/>
  <testcase name="doLoginTest" time="0.002" classname="testcases.LoginTest"/>
</testsuite> <!-- testcases.LoginTest -->
