<?xml version="1.0" encoding="UTF-8"?>
<!-- Generated by org.testng.reporters.JUnitReportReporter -->
<testsuite skipped="0" hostname="Mahi" name="testcases.AppkicationTest" tests="3" failures="0" timestamp="30 Oct 2017 01:49:47 GMT" time="0.039" errors="0">
  <testcase name="loginTest" time="0.029" classname="testcases.AppkicationTest"/>
  <testcase name="passwordChangeTest" time="0.005" classname="testcases.AppkicationTest"/>
  <testcase name="logoutTest" time="0.005" classname="testcases.AppkicationTest"/>
</testsuite> <!-- testcases.AppkicationTest -->
