<?xml version="1.0" encoding="UTF-8"?>
<!-- Generated by org.testng.reporters.JUnitReportReporter -->
<testsuite skipped="0" hostname="Mahi" name="testcases.AppkicationTest" tests="3" failures="0" timestamp="30 Oct 2017 00:34:03 GMT" time="0.058" errors="0">
  <testcase name="loginTest" time="0.038" classname="testcases.AppkicationTest"/>
  <testcase name="passwordChangeTest" time="0.011" classname="testcases.AppkicationTest"/>
  <testcase name="logoutTest" time="0.009" classname="testcases.AppkicationTest"/>
</testsuite> <!-- testcases.AppkicationTest -->
