<?xml version="1.0" encoding="UTF-8"?>
<!-- Generated by org.testng.reporters.JUnitReportReporter -->
<testsuite skipped="0" hostname="Mahi" name="testcases.RegisTest" tests="1" failures="0" timestamp="30 Oct 2017 00:34:02 GMT" time="0.107" errors="0">
  <testcase name="doRegisterTest" time="0.107" classname="testcases.RegisTest"/>
</testsuite> <!-- testcases.RegisTest -->
