<?xml version="1.0" encoding="UTF-8"?>
<!-- Generated by org.testng.reporters.JUnitReportReporter -->
<testsuite skipped="0" hostname="Mahi" name="testcases.LoginTest" tests="2" failures="0" timestamp="30 Oct 2017 00:34:03 GMT" time="0.054" errors="0">
  <testcase name="doLoginTest" time="0.016" classname="testcases.LoginTest"/>
  <testcase name="doLoginTest" time="0.038" classname="testcases.LoginTest"/>
</testsuite> <!-- testcases.LoginTest -->
